#-----------------------------------------------------------
# Vivado v2018.2 (64-bit)
# SW Build 2258646 on Thu Jun 14 20:03:12 MDT 2018
# IP Build 2256618 on Thu Jun 14 22:10:49 MDT 2018
# Start of session at: Mon Jul 15 16:05:54 2019
# Process ID: 5956
# Current directory: F:/test/mux41/mux41/solution1/sim/verilog
# Command line: vivado.exe -source open_wave.tcl
# Log file: F:/test/mux41/mux41/solution1/sim/verilog/vivado.log
# Journal file: F:/test/mux41/mux41/solution1/sim/verilog\vivado.jou
#-----------------------------------------------------------
start_gui
source open_wave.tcl
# current_fileset
INFO: [IP_Flow 19-234] Refreshing IP repositories
INFO: [IP_Flow 19-1704] No user IP repositories specified
INFO: [IP_Flow 19-2313] Loaded Vivado IP repository 'C:/Xilinx/Vivado/2018.2/data/ip'.
current_fileset: Time (s): cpu = 00:00:09 ; elapsed = 00:00:06 . Memory (MB): peak = 802.031 ; gain = 78.824
# open_wave_database mux41.wdb
open_wave_config F:/test/mux41/mux41/solution1/sim/verilog/mux41.wcfg
close_sim
INFO: [Simtcl 6-16] Simulation closed
close_project
exit
INFO: [Common 17-206] Exiting Vivado at Mon Jul 15 16:07:26 2019...
